[17-Nov-2023 05:44:48 UTC] Hello, errors!
[17-Nov-2023 06:12:40 UTC] Hello, errors!
[17-Nov-2023 06:12:40 UTC] PHP Deprecated:  rtrim(): Passing null to parameter #1 ($string) of type string is deprecated in /mnt/Disk/Documents/development/uninphau/dev/mercadoInge/server/libs/app.php on line 8
[17-Nov-2023 06:12:40 UTC] APP::construct->no hay controlador especificado
[17-Nov-2023 06:12:40 UTC] PHP Warning:  require_once(./controllers/login.php): Failed to open stream: No such file or directory in /mnt/Disk/Documents/development/uninphau/dev/mercadoInge/server/libs/app.php on line 15
[17-Nov-2023 06:12:40 UTC] PHP Fatal error:  Uncaught Error: Failed opening required './controllers/login.php' (include_path='.:/usr/share/pear:/usr/share/php') in /mnt/Disk/Documents/development/uninphau/dev/mercadoInge/server/libs/app.php:15
Stack trace:
#0 /mnt/Disk/Documents/development/uninphau/dev/mercadoInge/server/index.php(13): App->__construct()
#1 {main}
  thrown in /mnt/Disk/Documents/development/uninphau/dev/mercadoInge/server/libs/app.php on line 15
[17-Nov-2023 06:16:26 UTC] Hello, errors!
[17-Nov-2023 06:16:26 UTC] PHP Deprecated:  rtrim(): Passing null to parameter #1 ($string) of type string is deprecated in /mnt/Disk/Documents/development/uninphau/dev/mercadoInge/server/libs/app.php on line 7
[17-Nov-2023 06:16:26 UTC] APP::construct->no hay controlador especificado
[17-Nov-2023 06:16:26 UTC] PHP Warning:  require_once(controllers/login.php): Failed to open stream: No such file or directory in /mnt/Disk/Documents/development/uninphau/dev/mercadoInge/server/libs/app.php on line 14
[17-Nov-2023 06:16:26 UTC] PHP Fatal error:  Uncaught Error: Failed opening required 'controllers/login.php' (include_path='.:/usr/share/pear:/usr/share/php') in /mnt/Disk/Documents/development/uninphau/dev/mercadoInge/server/libs/app.php:14
Stack trace:
#0 /mnt/Disk/Documents/development/uninphau/dev/mercadoInge/server/index.php(13): App->__construct()
#1 {main}
  thrown in /mnt/Disk/Documents/development/uninphau/dev/mercadoInge/server/libs/app.php on line 14
[17-Nov-2023 06:16:51 UTC] Hello, errors!
[17-Nov-2023 06:16:51 UTC] PHP Deprecated:  rtrim(): Passing null to parameter #1 ($string) of type string is deprecated in /mnt/Disk/Documents/development/uninphau/dev/mercadoInge/server/libs/app.php on line 7
[17-Nov-2023 06:16:51 UTC] APP::construct->no hay controlador especificado
[17-Nov-2023 06:16:51 UTC] PHP Warning:  require_once(controllers/login.php): Failed to open stream: No such file or directory in /mnt/Disk/Documents/development/uninphau/dev/mercadoInge/server/libs/app.php on line 14
[17-Nov-2023 06:16:51 UTC] PHP Fatal error:  Uncaught Error: Failed opening required 'controllers/login.php' (include_path='.:/usr/share/pear:/usr/share/php') in /mnt/Disk/Documents/development/uninphau/dev/mercadoInge/server/libs/app.php:14
Stack trace:
#0 /mnt/Disk/Documents/development/uninphau/dev/mercadoInge/server/index.php(13): App->__construct()
#1 {main}
  thrown in /mnt/Disk/Documents/development/uninphau/dev/mercadoInge/server/libs/app.php on line 14
[17-Nov-2023 06:18:25 UTC] Hello, errors!<br>
[17-Nov-2023 06:18:25 UTC] PHP Deprecated:  rtrim(): Passing null to parameter #1 ($string) of type string is deprecated in /mnt/Disk/Documents/development/uninphau/dev/mercadoInge/server/libs/app.php on line 7
[17-Nov-2023 06:18:25 UTC] APP::construct->no hay controlador especificado
[17-Nov-2023 06:18:25 UTC] PHP Warning:  require_once(controllers/login.php): Failed to open stream: No such file or directory in /mnt/Disk/Documents/development/uninphau/dev/mercadoInge/server/libs/app.php on line 14
[17-Nov-2023 06:18:25 UTC] PHP Fatal error:  Uncaught Error: Failed opening required 'controllers/login.php' (include_path='.:/usr/share/pear:/usr/share/php') in /mnt/Disk/Documents/development/uninphau/dev/mercadoInge/server/libs/app.php:14
Stack trace:
#0 /mnt/Disk/Documents/development/uninphau/dev/mercadoInge/server/index.php(13): App->__construct()
#1 {main}
  thrown in /mnt/Disk/Documents/development/uninphau/dev/mercadoInge/server/libs/app.php on line 14
